Arguments: 
  /usr/local/Cellar/node/7.7.3/bin/node /Users/jasmine1569/.yarn/bin/yarn.js add laravel-mix

PATH: 
  /Users/jasmine1569/.yarn/bin:/usr/local/bin:/usr/bin:/bin:/usr/sbin:/sbin:~/.composer/vendor/bin

Yarn version: 
  0.27.5

Node version: 
  7.7.3

Platform: 
  darwin x64

npm manifest: 
  {
    "name": "poison",
    "version": "0.27.5",
    "description": "practice ui-kit",
    "main": "app.js",
    "repository": "https://github.com/jasmine1569/poison.git",
    "author": "Jasmine Beeman <jasmine.beeman@metalab.csun.edu>",
    "license": "MIT",
    "scripts": {
      "dev": "npm run development",
      "development": "cross-env NODE_ENV=development node_modules/webpack/bin/webpack.js --progress --hide-modules --config=node_modules/laravel-mix/setup/webpack.config.js",
      "watch": "cross-env NODE_ENV=development node_modules/webpack/bin/webpack.js --watch --progress --hide-modules --config=node_modules/laravel-mix/setup/webpack.config.js",
      "watch-poll": "npm run watch -- --watch-poll",
      "hot": "cross-env NODE_ENV=development node_modules/webpack-dev-server/bin/webpack-dev-server.js --inline --hot --config=node_modules/laravel-mix/setup/webpack.config.js",
      "prod": "npm run production",
      "production": "cross-env NODE_ENV=production node_modules/webpack/bin/webpack.js --progress --hide-modules --config=node_modules/laravel-mix/setup/webpack.config.js"
    },
  }

yarn manifest: 
  No manifest

Lockfile: 
  # THIS IS AN AUTOGENERATED FILE. DO NOT EDIT THIS FILE DIRECTLY.
  # yarn lockfile v1

Trace: 
  SyntaxError: /Users/jasmine1569/Code/poison/package.json: Unexpected token } in JSON at position 1079
      at JSON.parse (<anonymous>)
      at /Users/jasmine1569/.yarn/lib/yarn-cli.js:747:57
      at Generator.next (<anonymous>)
      at step (/Users/jasmine1569/.yarn/lib/yarn-cli.js:91:30)
      at /Users/jasmine1569/.yarn/lib/yarn-cli.js:102:13
